Sep 28, 2016 11:26:52 AM org.apache.catalina.core.AprLifecycleListener lifecycleEvent
INFO: The APR based Apache Tomcat Native library which allows optimal performance in production environments was not found on the java.library.path: /Users/api-dev-123/Library/Java/Extensions:/Library/Java/Extensions:/Network/Library/Java/Extensions:/System/Library/Java/Extensions:/usr/lib/java:.
Sep 28, 2016 11:27:11 AM org.apache.coyote.AbstractProtocol init
INFO: Initializing ProtocolHandler ["http-bio-5678"]
Sep 28, 2016 11:27:11 AM org.apache.catalina.startup.Catalina load
INFO: Initialization processed in 46384 ms
Sep 28, 2016 11:27:12 AM org.apache.catalina.core.StandardService startInternal
INFO: Starting service Catalina
Sep 28, 2016 11:27:12 AM org.apache.catalina.core.StandardEngine startInternal
INFO: Starting Servlet Engine: Apache Tomcat/7.0.62
Sep 28, 2016 11:27:13 AM org.apache.catalina.startup.HostConfig deployDirectory
INFO: Deploying web application directory /Users/api-dev-123/QueryIO/tomcat/webapps/queryio
Sep 28, 2016 11:27:18 AM org.apache.tomcat.util.digester.Digester endElement
WARNING:   No rules found matching 'Context/lib'.
Sep 28, 2016 11:27:18 AM org.apache.tomcat.util.digester.Digester endElement
WARNING:   No rules found matching 'Context/lib'.
Sep 28, 2016 11:27:18 AM org.apache.tomcat.util.digester.Digester endElement
WARNING:   No rules found matching 'Context/lib'.
Sep 28, 2016 11:27:18 AM org.apache.tomcat.util.digester.Digester endElement
WARNING:   No rules found matching 'Context/lib'.
Sep 28, 2016 11:27:18 AM org.apache.tomcat.util.digester.Digester endElement
WARNING:   No rules found matching 'Context/lib'.
Sep 28, 2016 11:27:18 AM org.apache.tomcat.util.digester.Digester endElement
WARNING:   No rules found matching 'Context/lib'.
Sep 28, 2016 11:27:18 AM org.apache.tomcat.util.digester.Digester endElement
WARNING:   No rules found matching 'Context/lib'.
Sep 28, 2016 11:27:18 AM org.apache.tomcat.util.digester.Digester endElement
WARNING:   No rules found matching 'Context/lib'.
Sep 28, 2016 11:27:18 AM org.apache.tomcat.util.digester.Digester endElement
WARNING:   No rules found matching 'Context/lib'.
Sep 28, 2016 11:27:18 AM org.apache.tomcat.util.digester.Digester endElement
WARNING:   No rules found matching 'Context/lib'.
Sep 28, 2016 11:27:18 AM org.apache.tomcat.util.digester.Digester endElement
WARNING:   No rules found matching 'Context/lib'.
Sep 28, 2016 11:27:18 AM org.apache.tomcat.util.digester.Digester endElement
WARNING:   No rules found matching 'Context/lib'.
Sep 28, 2016 11:27:18 AM org.apache.tomcat.util.digester.Digester endElement
WARNING:   No rules found matching 'Context/lib'.
Sep 28, 2016 11:27:18 AM org.apache.tomcat.util.digester.Digester endElement
WARNING:   No rules found matching 'Context/lib'.
Sep 28, 2016 11:27:20 AM org.apache.tomcat.util.digester.Digester endElement
WARNING:   No rules found matching 'Context/lib'.
Sep 28, 2016 11:27:20 AM org.apache.tomcat.util.digester.Digester endElement
WARNING:   No rules found matching 'Context/lib'.
Sep 28, 2016 11:27:20 AM org.apache.tomcat.util.digester.Digester endElement
WARNING:   No rules found matching 'Context/lib'.
Sep 28, 2016 11:27:20 AM org.apache.tomcat.util.digester.Digester endElement
WARNING:   No rules found matching 'Context/lib'.
Sep 28, 2016 11:27:20 AM org.apache.tomcat.util.digester.Digester endElement
WARNING:   No rules found matching 'Context/lib'.
Sep 28, 2016 11:27:20 AM org.apache.tomcat.util.digester.Digester endElement
WARNING:   No rules found matching 'Context/lib'.
Sep 28, 2016 11:27:20 AM org.apache.tomcat.util.digester.Digester endElement
WARNING:   No rules found matching 'Context/lib'.
Sep 28, 2016 11:27:20 AM org.apache.tomcat.util.digester.Digester endElement
WARNING:   No rules found matching 'Context/lib'.
Sep 28, 2016 11:27:20 AM org.apache.tomcat.util.digester.Digester endElement
WARNING:   No rules found matching 'Context/lib'.
Sep 28, 2016 11:27:20 AM org.apache.tomcat.util.digester.Digester endElement
WARNING:   No rules found matching 'Context/lib'.
Sep 28, 2016 11:27:20 AM org.apache.tomcat.util.digester.Digester endElement
WARNING:   No rules found matching 'Context/lib'.
Sep 28, 2016 11:27:20 AM org.apache.tomcat.util.digester.Digester endElement
WARNING:   No rules found matching 'Context/lib'.
Sep 28, 2016 11:27:20 AM org.apache.tomcat.util.digester.Digester endElement
WARNING:   No rules found matching 'Context/lib'.
Sep 28, 2016 11:27:20 AM org.apache.tomcat.util.digester.Digester endElement
WARNING:   No rules found matching 'Context/lib'.
Sep 28, 2016 11:27:20 AM org.apache.tomcat.util.digester.Digester endElement
WARNING:   No rules found matching 'Context/lib'.
Sep 28, 2016 11:27:20 AM org.apache.tomcat.util.digester.Digester endElement
WARNING:   No rules found matching 'Context/lib'.
Sep 28, 2016 11:27:20 AM org.apache.tomcat.util.digester.Digester endElement
WARNING:   No rules found matching 'Context/lib'.
Sep 28, 2016 11:27:20 AM org.apache.tomcat.util.digester.Digester endElement
WARNING:   No rules found matching 'Context/lib'.
Sep 28, 2016 11:27:20 AM org.apache.tomcat.util.digester.Digester endElement
WARNING:   No rules found matching 'Context/lib'.
Sep 28, 2016 11:27:20 AM org.apache.tomcat.util.digester.Digester endElement
WARNING:   No rules found matching 'Context/lib'.
Sep 28, 2016 11:27:20 AM org.apache.tomcat.util.digester.Digester endElement
WARNING:   No rules found matching 'Context/lib'.
Sep 28, 2016 11:27:20 AM org.apache.tomcat.util.digester.Digester endElement
WARNING:   No rules found matching 'Context/lib'.
Sep 28, 2016 11:27:20 AM org.apache.tomcat.util.digester.Digester endElement
WARNING:   No rules found matching 'Context/lib'.
Sep 28, 2016 11:27:20 AM org.apache.tomcat.util.digester.Digester endElement
WARNING:   No rules found matching 'Context/lib'.
Sep 28, 2016 11:27:20 AM org.apache.tomcat.util.digester.Digester endElement
WARNING:   No rules found matching 'Context/lib'.
Sep 28, 2016 11:27:20 AM org.apache.tomcat.util.digester.Digester endElement
WARNING:   No rules found matching 'Context/lib'.
Sep 28, 2016 11:27:58 AM org.apache.catalina.core.AprLifecycleListener lifecycleEvent
INFO: The APR based Apache Tomcat Native library which allows optimal performance in production environments was not found on the java.library.path: /Users/api-dev-123/Library/Java/Extensions:/Library/Java/Extensions:/Network/Library/Java/Extensions:/System/Library/Java/Extensions:/usr/lib/java:.
Sep 28, 2016 11:27:58 AM org.apache.coyote.AbstractProtocol init
INFO: Initializing ProtocolHandler ["http-bio-5678"]
Sep 28, 2016 11:27:58 AM org.apache.coyote.AbstractProtocol init
SEVERE: Failed to initialize end point associated with ProtocolHandler ["http-bio-5678"]
java.net.BindException: Address already in use <null>:5678
	at org.apache.tomcat.util.net.JIoEndpoint.bind(JIoEndpoint.java:413)
	at org.apache.tomcat.util.net.AbstractEndpoint.init(AbstractEndpoint.java:649)
	at org.apache.coyote.AbstractProtocol.init(AbstractProtocol.java:434)
	at org.apache.coyote.http11.AbstractHttp11JsseProtocol.init(AbstractHttp11JsseProtocol.java:119)
	at org.apache.catalina.connector.Connector.initInternal(Connector.java:978)
	at org.apache.catalina.util.LifecycleBase.init(LifecycleBase.java:102)
	at org.apache.catalina.core.StandardService.initInternal(StandardService.java:559)
	at org.apache.catalina.util.LifecycleBase.init(LifecycleBase.java:102)
	at org.apache.catalina.core.StandardServer.initInternal(StandardServer.java:821)
	at org.apache.catalina.util.LifecycleBase.init(LifecycleBase.java:102)
	at org.apache.catalina.startup.Catalina.load(Catalina.java:638)
	at org.apache.catalina.startup.Catalina.load(Catalina.java:663)
	at sun.reflect.NativeMethodAccessorImpl.invoke0(Native Method)
	at sun.reflect.NativeMethodAccessorImpl.invoke(NativeMethodAccessorImpl.java:57)
	at sun.reflect.DelegatingMethodAccessorImpl.invoke(DelegatingMethodAccessorImpl.java:43)
	at java.lang.reflect.Method.invoke(Method.java:606)
	at org.apache.catalina.startup.Bootstrap.load(Bootstrap.java:280)
	at org.apache.catalina.startup.Bootstrap.main(Bootstrap.java:454)
Caused by: java.net.BindException: Address already in use
	at java.net.PlainSocketImpl.socketBind(Native Method)
	at java.net.AbstractPlainSocketImpl.bind(AbstractPlainSocketImpl.java:376)
	at java.net.ServerSocket.bind(ServerSocket.java:376)
	at java.net.ServerSocket.<init>(ServerSocket.java:237)
	at java.net.ServerSocket.<init>(ServerSocket.java:181)
	at org.apache.tomcat.util.net.DefaultServerSocketFactory.createSocket(DefaultServerSocketFactory.java:49)
	at org.apache.tomcat.util.net.JIoEndpoint.bind(JIoEndpoint.java:400)
	... 17 more

Sep 28, 2016 11:27:59 AM org.apache.catalina.core.StandardService initInternal
SEVERE: Failed to initialize connector [Connector[HTTP/1.1-5678]]
org.apache.catalina.LifecycleException: Failed to initialize component [Connector[HTTP/1.1-5678]]
	at org.apache.catalina.util.LifecycleBase.init(LifecycleBase.java:106)
	at org.apache.catalina.core.StandardService.initInternal(StandardService.java:559)
	at org.apache.catalina.util.LifecycleBase.init(LifecycleBase.java:102)
	at org.apache.catalina.core.StandardServer.initInternal(StandardServer.java:821)
	at org.apache.catalina.util.LifecycleBase.init(LifecycleBase.java:102)
	at org.apache.catalina.startup.Catalina.load(Catalina.java:638)
	at org.apache.catalina.startup.Catalina.load(Catalina.java:663)
	at sun.reflect.NativeMethodAccessorImpl.invoke0(Native Method)
	at sun.reflect.NativeMethodAccessorImpl.invoke(NativeMethodAccessorImpl.java:57)
	at sun.reflect.DelegatingMethodAccessorImpl.invoke(DelegatingMethodAccessorImpl.java:43)
	at java.lang.reflect.Method.invoke(Method.java:606)
	at org.apache.catalina.startup.Bootstrap.load(Bootstrap.java:280)
	at org.apache.catalina.startup.Bootstrap.main(Bootstrap.java:454)
Caused by: org.apache.catalina.LifecycleException: Protocol handler initialization failed
	at org.apache.catalina.connector.Connector.initInternal(Connector.java:980)
	at org.apache.catalina.util.LifecycleBase.init(LifecycleBase.java:102)
	... 12 more
Caused by: java.net.BindException: Address already in use <null>:5678
	at org.apache.tomcat.util.net.JIoEndpoint.bind(JIoEndpoint.java:413)
	at org.apache.tomcat.util.net.AbstractEndpoint.init(AbstractEndpoint.java:649)
	at org.apache.coyote.AbstractProtocol.init(AbstractProtocol.java:434)
	at org.apache.coyote.http11.AbstractHttp11JsseProtocol.init(AbstractHttp11JsseProtocol.java:119)
	at org.apache.catalina.connector.Connector.initInternal(Connector.java:978)
	... 13 more
Caused by: java.net.BindException: Address already in use
	at java.net.PlainSocketImpl.socketBind(Native Method)
	at java.net.AbstractPlainSocketImpl.bind(AbstractPlainSocketImpl.java:376)
	at java.net.ServerSocket.bind(ServerSocket.java:376)
	at java.net.ServerSocket.<init>(ServerSocket.java:237)
	at java.net.ServerSocket.<init>(ServerSocket.java:181)
	at org.apache.tomcat.util.net.DefaultServerSocketFactory.createSocket(DefaultServerSocketFactory.java:49)
	at org.apache.tomcat.util.net.JIoEndpoint.bind(JIoEndpoint.java:400)
	... 17 more

Sep 28, 2016 11:28:00 AM org.apache.catalina.startup.Catalina load
INFO: Initialization processed in 2307 ms
Sep 28, 2016 11:28:00 AM org.apache.catalina.core.StandardService startInternal
INFO: Starting service Catalina
Sep 28, 2016 11:28:00 AM org.apache.catalina.core.StandardEngine startInternal
INFO: Starting Servlet Engine: Apache Tomcat/7.0.62
Sep 28, 2016 11:28:00 AM org.apache.catalina.startup.HostConfig deployDirectory
INFO: Deploying web application directory /Users/api-dev-123/QueryIO/tomcat/webapps/queryio
Sep 28, 2016 11:28:00 AM org.apache.tomcat.util.digester.Digester endElement
WARNING:   No rules found matching 'Context/lib'.
Sep 28, 2016 11:28:00 AM org.apache.tomcat.util.digester.Digester endElement
WARNING:   No rules found matching 'Context/lib'.
Sep 28, 2016 11:28:00 AM org.apache.tomcat.util.digester.Digester endElement
WARNING:   No rules found matching 'Context/lib'.
Sep 28, 2016 11:28:00 AM org.apache.tomcat.util.digester.Digester endElement
WARNING:   No rules found matching 'Context/lib'.
Sep 28, 2016 11:28:00 AM org.apache.tomcat.util.digester.Digester endElement
WARNING:   No rules found matching 'Context/lib'.
Sep 28, 2016 11:28:00 AM org.apache.tomcat.util.digester.Digester endElement
WARNING:   No rules found matching 'Context/lib'.
Sep 28, 2016 11:28:00 AM org.apache.tomcat.util.digester.Digester endElement
WARNING:   No rules found matching 'Context/lib'.
Sep 28, 2016 11:28:00 AM org.apache.tomcat.util.digester.Digester endElement
WARNING:   No rules found matching 'Context/lib'.
Sep 28, 2016 11:28:00 AM org.apache.tomcat.util.digester.Digester endElement
WARNING:   No rules found matching 'Context/lib'.
Sep 28, 2016 11:28:00 AM org.apache.tomcat.util.digester.Digester endElement
WARNING:   No rules found matching 'Context/lib'.
Sep 28, 2016 11:28:00 AM org.apache.tomcat.util.digester.Digester endElement
WARNING:   No rules found matching 'Context/lib'.
Sep 28, 2016 11:28:00 AM org.apache.tomcat.util.digester.Digester endElement
WARNING:   No rules found matching 'Context/lib'.
Sep 28, 2016 11:28:00 AM org.apache.tomcat.util.digester.Digester endElement
WARNING:   No rules found matching 'Context/lib'.
Sep 28, 2016 11:28:00 AM org.apache.tomcat.util.digester.Digester endElement
WARNING:   No rules found matching 'Context/lib'.
Sep 28, 2016 11:28:00 AM org.apache.tomcat.util.digester.Digester endElement
WARNING:   No rules found matching 'Context/lib'.
Sep 28, 2016 11:28:00 AM org.apache.tomcat.util.digester.Digester endElement
WARNING:   No rules found matching 'Context/lib'.
Sep 28, 2016 11:28:00 AM org.apache.tomcat.util.digester.Digester endElement
WARNING:   No rules found matching 'Context/lib'.
Sep 28, 2016 11:28:00 AM org.apache.tomcat.util.digester.Digester endElement
WARNING:   No rules found matching 'Context/lib'.
Sep 28, 2016 11:28:00 AM org.apache.tomcat.util.digester.Digester endElement
WARNING:   No rules found matching 'Context/lib'.
Sep 28, 2016 11:28:00 AM org.apache.tomcat.util.digester.Digester endElement
WARNING:   No rules found matching 'Context/lib'.
Sep 28, 2016 11:28:00 AM org.apache.tomcat.util.digester.Digester endElement
WARNING:   No rules found matching 'Context/lib'.
Sep 28, 2016 11:28:00 AM org.apache.tomcat.util.digester.Digester endElement
WARNING:   No rules found matching 'Context/lib'.
Sep 28, 2016 11:28:00 AM org.apache.tomcat.util.digester.Digester endElement
WARNING:   No rules found matching 'Context/lib'.
Sep 28, 2016 11:28:00 AM org.apache.tomcat.util.digester.Digester endElement
WARNING:   No rules found matching 'Context/lib'.
Sep 28, 2016 11:28:00 AM org.apache.tomcat.util.digester.Digester endElement
WARNING:   No rules found matching 'Context/lib'.
Sep 28, 2016 11:28:00 AM org.apache.tomcat.util.digester.Digester endElement
WARNING:   No rules found matching 'Context/lib'.
Sep 28, 2016 11:28:00 AM org.apache.tomcat.util.digester.Digester endElement
WARNING:   No rules found matching 'Context/lib'.
Sep 28, 2016 11:28:00 AM org.apache.tomcat.util.digester.Digester endElement
WARNING:   No rules found matching 'Context/lib'.
Sep 28, 2016 11:28:00 AM org.apache.tomcat.util.digester.Digester endElement
WARNING:   No rules found matching 'Context/lib'.
Sep 28, 2016 11:28:00 AM org.apache.tomcat.util.digester.Digester endElement
WARNING:   No rules found matching 'Context/lib'.
Sep 28, 2016 11:28:00 AM org.apache.tomcat.util.digester.Digester endElement
WARNING:   No rules found matching 'Context/lib'.
Sep 28, 2016 11:28:00 AM org.apache.tomcat.util.digester.Digester endElement
WARNING:   No rules found matching 'Context/lib'.
Sep 28, 2016 11:28:00 AM org.apache.tomcat.util.digester.Digester endElement
WARNING:   No rules found matching 'Context/lib'.
Sep 28, 2016 11:28:00 AM org.apache.tomcat.util.digester.Digester endElement
WARNING:   No rules found matching 'Context/lib'.
Sep 28, 2016 11:28:00 AM org.apache.tomcat.util.digester.Digester endElement
WARNING:   No rules found matching 'Context/lib'.
Sep 28, 2016 11:28:00 AM org.apache.tomcat.util.digester.Digester endElement
WARNING:   No rules found matching 'Context/lib'.
Sep 28, 2016 11:28:00 AM org.apache.tomcat.util.digester.Digester endElement
WARNING:   No rules found matching 'Context/lib'.
Sep 28, 2016 11:28:00 AM org.apache.tomcat.util.digester.Digester endElement
WARNING:   No rules found matching 'Context/lib'.
Sep 28, 2016 11:28:00 AM org.apache.tomcat.util.digester.Digester endElement
WARNING:   No rules found matching 'Context/lib'.
Sep 28, 2016 11:28:00 AM org.apache.tomcat.util.digester.Digester endElement
WARNING:   No rules found matching 'Context/lib'.
Sep 28, 2016 11:31:39 AM org.apache.catalina.core.AprLifecycleListener lifecycleEvent
INFO: The APR based Apache Tomcat Native library which allows optimal performance in production environments was not found on the java.library.path: /Users/api-dev-123/Library/Java/Extensions:/Library/Java/Extensions:/Network/Library/Java/Extensions:/System/Library/Java/Extensions:/usr/lib/java:.
Sep 28, 2016 11:31:39 AM org.apache.coyote.AbstractProtocol init
INFO: Initializing ProtocolHandler ["http-bio-5678"]
Sep 28, 2016 11:31:39 AM org.apache.catalina.startup.Catalina load
INFO: Initialization processed in 578 ms
Sep 28, 2016 11:31:39 AM org.apache.catalina.core.StandardService startInternal
INFO: Starting service Catalina
Sep 28, 2016 11:31:39 AM org.apache.catalina.core.StandardEngine startInternal
INFO: Starting Servlet Engine: Apache Tomcat/7.0.62
Sep 28, 2016 11:31:39 AM org.apache.catalina.startup.HostConfig deployDirectory
INFO: Deploying web application directory /Users/api-dev-123/QueryIO/tomcat/webapps/queryio
Sep 28, 2016 11:31:39 AM org.apache.tomcat.util.digester.Digester endElement
WARNING:   No rules found matching 'Context/lib'.
Sep 28, 2016 11:31:39 AM org.apache.tomcat.util.digester.Digester endElement
WARNING:   No rules found matching 'Context/lib'.
Sep 28, 2016 11:31:39 AM org.apache.tomcat.util.digester.Digester endElement
WARNING:   No rules found matching 'Context/lib'.
Sep 28, 2016 11:31:39 AM org.apache.tomcat.util.digester.Digester endElement
WARNING:   No rules found matching 'Context/lib'.
Sep 28, 2016 11:31:39 AM org.apache.tomcat.util.digester.Digester endElement
WARNING:   No rules found matching 'Context/lib'.
Sep 28, 2016 11:31:39 AM org.apache.tomcat.util.digester.Digester endElement
WARNING:   No rules found matching 'Context/lib'.
Sep 28, 2016 11:31:39 AM org.apache.tomcat.util.digester.Digester endElement
WARNING:   No rules found matching 'Context/lib'.
Sep 28, 2016 11:31:39 AM org.apache.tomcat.util.digester.Digester endElement
WARNING:   No rules found matching 'Context/lib'.
Sep 28, 2016 11:31:39 AM org.apache.tomcat.util.digester.Digester endElement
WARNING:   No rules found matching 'Context/lib'.
Sep 28, 2016 11:31:39 AM org.apache.tomcat.util.digester.Digester endElement
WARNING:   No rules found matching 'Context/lib'.
Sep 28, 2016 11:31:39 AM org.apache.tomcat.util.digester.Digester endElement
WARNING:   No rules found matching 'Context/lib'.
Sep 28, 2016 11:31:39 AM org.apache.tomcat.util.digester.Digester endElement
WARNING:   No rules found matching 'Context/lib'.
Sep 28, 2016 11:31:39 AM org.apache.tomcat.util.digester.Digester endElement
WARNING:   No rules found matching 'Context/lib'.
Sep 28, 2016 11:31:39 AM org.apache.tomcat.util.digester.Digester endElement
WARNING:   No rules found matching 'Context/lib'.
Sep 28, 2016 11:31:39 AM org.apache.tomcat.util.digester.Digester endElement
WARNING:   No rules found matching 'Context/lib'.
Sep 28, 2016 11:31:39 AM org.apache.tomcat.util.digester.Digester endElement
WARNING:   No rules found matching 'Context/lib'.
Sep 28, 2016 11:31:39 AM org.apache.tomcat.util.digester.Digester endElement
WARNING:   No rules found matching 'Context/lib'.
Sep 28, 2016 11:31:39 AM org.apache.tomcat.util.digester.Digester endElement
WARNING:   No rules found matching 'Context/lib'.
Sep 28, 2016 11:31:39 AM org.apache.tomcat.util.digester.Digester endElement
WARNING:   No rules found matching 'Context/lib'.
Sep 28, 2016 11:31:39 AM org.apache.tomcat.util.digester.Digester endElement
WARNING:   No rules found matching 'Context/lib'.
Sep 28, 2016 11:31:39 AM org.apache.tomcat.util.digester.Digester endElement
WARNING:   No rules found matching 'Context/lib'.
Sep 28, 2016 11:31:39 AM org.apache.tomcat.util.digester.Digester endElement
WARNING:   No rules found matching 'Context/lib'.
Sep 28, 2016 11:31:40 AM org.apache.tomcat.util.digester.Digester endElement
WARNING:   No rules found matching 'Context/lib'.
Sep 28, 2016 11:31:40 AM org.apache.tomcat.util.digester.Digester endElement
WARNING:   No rules found matching 'Context/lib'.
Sep 28, 2016 11:31:40 AM org.apache.tomcat.util.digester.Digester endElement
WARNING:   No rules found matching 'Context/lib'.
Sep 28, 2016 11:31:40 AM org.apache.tomcat.util.digester.Digester endElement
WARNING:   No rules found matching 'Context/lib'.
Sep 28, 2016 11:31:40 AM org.apache.tomcat.util.digester.Digester endElement
WARNING:   No rules found matching 'Context/lib'.
Sep 28, 2016 11:31:40 AM org.apache.tomcat.util.digester.Digester endElement
WARNING:   No rules found matching 'Context/lib'.
Sep 28, 2016 11:31:40 AM org.apache.tomcat.util.digester.Digester endElement
WARNING:   No rules found matching 'Context/lib'.
Sep 28, 2016 11:31:40 AM org.apache.tomcat.util.digester.Digester endElement
WARNING:   No rules found matching 'Context/lib'.
Sep 28, 2016 11:31:40 AM org.apache.tomcat.util.digester.Digester endElement
WARNING:   No rules found matching 'Context/lib'.
Sep 28, 2016 11:31:40 AM org.apache.tomcat.util.digester.Digester endElement
WARNING:   No rules found matching 'Context/lib'.
Sep 28, 2016 11:31:40 AM org.apache.tomcat.util.digester.Digester endElement
WARNING:   No rules found matching 'Context/lib'.
Sep 28, 2016 11:31:40 AM org.apache.tomcat.util.digester.Digester endElement
WARNING:   No rules found matching 'Context/lib'.
Sep 28, 2016 11:31:40 AM org.apache.tomcat.util.digester.Digester endElement
WARNING:   No rules found matching 'Context/lib'.
Sep 28, 2016 11:31:40 AM org.apache.tomcat.util.digester.Digester endElement
WARNING:   No rules found matching 'Context/lib'.
Sep 28, 2016 11:31:40 AM org.apache.tomcat.util.digester.Digester endElement
WARNING:   No rules found matching 'Context/lib'.
Sep 28, 2016 11:31:40 AM org.apache.tomcat.util.digester.Digester endElement
WARNING:   No rules found matching 'Context/lib'.
Sep 28, 2016 11:31:40 AM org.apache.tomcat.util.digester.Digester endElement
WARNING:   No rules found matching 'Context/lib'.
Sep 28, 2016 11:31:40 AM org.apache.tomcat.util.digester.Digester endElement
WARNING:   No rules found matching 'Context/lib'.
Sep 28, 2016 11:32:32 AM org.apache.catalina.startup.TldConfig execute
INFO: At least one JAR was scanned for TLDs yet contained no TLDs. Enable debug logging for this logger for a complete list of JARs that were scanned but no TLDs were found in them. Skipping unneeded JARs during scanning can improve startup time and JSP compilation time.
Sep 28, 2016 11:33:14 AM org.apache.catalina.util.SessionIdGeneratorBase createSecureRandom
INFO: Creation of SecureRandom instance for session ID generation using [SHA1PRNG] took [1,470] milliseconds.
Sep 28, 2016 11:33:17 AM org.apache.catalina.startup.HostConfig deployDirectory
INFO: Deployment of web application directory /Users/api-dev-123/QueryIO/tomcat/webapps/queryio has finished in 97,769 ms
Sep 28, 2016 11:33:17 AM org.apache.coyote.AbstractProtocol start
INFO: Starting ProtocolHandler ["http-bio-5678"]
Sep 28, 2016 11:33:17 AM org.apache.catalina.startup.Catalina start
INFO: Server startup in 98193 ms
