Sep 27, 2016 11:31:08 AM org.apache.catalina.core.AprLifecycleListener lifecycleEvent
INFO: The APR based Apache Tomcat Native library which allows optimal performance in production environments was not found on the java.library.path: /Users/api-dev-123/Library/Java/Extensions:/Library/Java/Extensions:/Network/Library/Java/Extensions:/System/Library/Java/Extensions:/usr/lib/java:.
Sep 27, 2016 11:31:08 AM org.apache.coyote.AbstractProtocol init
INFO: Initializing ProtocolHandler ["http-bio-5678"]
Sep 27, 2016 11:31:09 AM org.apache.catalina.startup.Catalina load
INFO: Initialization processed in 773 ms
Sep 27, 2016 11:31:09 AM org.apache.catalina.core.StandardService startInternal
INFO: Starting service Catalina
Sep 27, 2016 11:31:09 AM org.apache.catalina.core.StandardEngine startInternal
INFO: Starting Servlet Engine: Apache Tomcat/7.0.62
Sep 27, 2016 11:31:09 AM org.apache.catalina.startup.HostConfig deployDirectory
INFO: Deploying web application directory /Users/api-dev-123/QueryIO/tomcat/webapps/queryio
Sep 27, 2016 11:31:09 AM org.apache.tomcat.util.digester.Digester endElement
WARNING:   No rules found matching 'Context/lib'.
Sep 27, 2016 11:31:09 AM org.apache.tomcat.util.digester.Digester endElement
WARNING:   No rules found matching 'Context/lib'.
Sep 27, 2016 11:31:09 AM org.apache.tomcat.util.digester.Digester endElement
WARNING:   No rules found matching 'Context/lib'.
Sep 27, 2016 11:31:09 AM org.apache.tomcat.util.digester.Digester endElement
WARNING:   No rules found matching 'Context/lib'.
Sep 27, 2016 11:31:09 AM org.apache.tomcat.util.digester.Digester endElement
WARNING:   No rules found matching 'Context/lib'.
Sep 27, 2016 11:31:09 AM org.apache.tomcat.util.digester.Digester endElement
WARNING:   No rules found matching 'Context/lib'.
Sep 27, 2016 11:31:09 AM org.apache.tomcat.util.digester.Digester endElement
WARNING:   No rules found matching 'Context/lib'.
Sep 27, 2016 11:31:09 AM org.apache.tomcat.util.digester.Digester endElement
WARNING:   No rules found matching 'Context/lib'.
Sep 27, 2016 11:31:09 AM org.apache.tomcat.util.digester.Digester endElement
WARNING:   No rules found matching 'Context/lib'.
Sep 27, 2016 11:31:09 AM org.apache.tomcat.util.digester.Digester endElement
WARNING:   No rules found matching 'Context/lib'.
Sep 27, 2016 11:31:09 AM org.apache.tomcat.util.digester.Digester endElement
WARNING:   No rules found matching 'Context/lib'.
Sep 27, 2016 11:31:09 AM org.apache.tomcat.util.digester.Digester endElement
WARNING:   No rules found matching 'Context/lib'.
Sep 27, 2016 11:31:09 AM org.apache.tomcat.util.digester.Digester endElement
WARNING:   No rules found matching 'Context/lib'.
Sep 27, 2016 11:31:09 AM org.apache.tomcat.util.digester.Digester endElement
WARNING:   No rules found matching 'Context/lib'.
Sep 27, 2016 11:31:09 AM org.apache.tomcat.util.digester.Digester endElement
WARNING:   No rules found matching 'Context/lib'.
Sep 27, 2016 11:31:09 AM org.apache.tomcat.util.digester.Digester endElement
WARNING:   No rules found matching 'Context/lib'.
Sep 27, 2016 11:31:09 AM org.apache.tomcat.util.digester.Digester endElement
WARNING:   No rules found matching 'Context/lib'.
Sep 27, 2016 11:31:09 AM org.apache.tomcat.util.digester.Digester endElement
WARNING:   No rules found matching 'Context/lib'.
Sep 27, 2016 11:31:09 AM org.apache.tomcat.util.digester.Digester endElement
WARNING:   No rules found matching 'Context/lib'.
Sep 27, 2016 11:31:09 AM org.apache.tomcat.util.digester.Digester endElement
WARNING:   No rules found matching 'Context/lib'.
Sep 27, 2016 11:31:09 AM org.apache.tomcat.util.digester.Digester endElement
WARNING:   No rules found matching 'Context/lib'.
Sep 27, 2016 11:31:09 AM org.apache.tomcat.util.digester.Digester endElement
WARNING:   No rules found matching 'Context/lib'.
Sep 27, 2016 11:31:09 AM org.apache.tomcat.util.digester.Digester endElement
WARNING:   No rules found matching 'Context/lib'.
Sep 27, 2016 11:31:09 AM org.apache.tomcat.util.digester.Digester endElement
WARNING:   No rules found matching 'Context/lib'.
Sep 27, 2016 11:31:09 AM org.apache.tomcat.util.digester.Digester endElement
WARNING:   No rules found matching 'Context/lib'.
Sep 27, 2016 11:31:09 AM org.apache.tomcat.util.digester.Digester endElement
WARNING:   No rules found matching 'Context/lib'.
Sep 27, 2016 11:31:09 AM org.apache.tomcat.util.digester.Digester endElement
WARNING:   No rules found matching 'Context/lib'.
Sep 27, 2016 11:31:09 AM org.apache.tomcat.util.digester.Digester endElement
WARNING:   No rules found matching 'Context/lib'.
Sep 27, 2016 11:31:09 AM org.apache.tomcat.util.digester.Digester endElement
WARNING:   No rules found matching 'Context/lib'.
Sep 27, 2016 11:31:09 AM org.apache.tomcat.util.digester.Digester endElement
WARNING:   No rules found matching 'Context/lib'.
Sep 27, 2016 11:31:09 AM org.apache.tomcat.util.digester.Digester endElement
WARNING:   No rules found matching 'Context/lib'.
Sep 27, 2016 11:31:09 AM org.apache.tomcat.util.digester.Digester endElement
WARNING:   No rules found matching 'Context/lib'.
Sep 27, 2016 11:31:09 AM org.apache.tomcat.util.digester.Digester endElement
WARNING:   No rules found matching 'Context/lib'.
Sep 27, 2016 11:31:09 AM org.apache.tomcat.util.digester.Digester endElement
WARNING:   No rules found matching 'Context/lib'.
Sep 27, 2016 11:31:09 AM org.apache.tomcat.util.digester.Digester endElement
WARNING:   No rules found matching 'Context/lib'.
Sep 27, 2016 11:31:09 AM org.apache.tomcat.util.digester.Digester endElement
WARNING:   No rules found matching 'Context/lib'.
Sep 27, 2016 11:31:09 AM org.apache.tomcat.util.digester.Digester endElement
WARNING:   No rules found matching 'Context/lib'.
Sep 27, 2016 11:31:09 AM org.apache.tomcat.util.digester.Digester endElement
WARNING:   No rules found matching 'Context/lib'.
Sep 27, 2016 11:31:09 AM org.apache.tomcat.util.digester.Digester endElement
WARNING:   No rules found matching 'Context/lib'.
Sep 27, 2016 11:31:09 AM org.apache.tomcat.util.digester.Digester endElement
WARNING:   No rules found matching 'Context/lib'.
Sep 27, 2016 11:31:52 AM org.apache.catalina.startup.TldConfig execute
INFO: At least one JAR was scanned for TLDs yet contained no TLDs. Enable debug logging for this logger for a complete list of JARs that were scanned but no TLDs were found in them. Skipping unneeded JARs during scanning can improve startup time and JSP compilation time.
Sep 27, 2016 11:39:04 AM org.apache.catalina.util.SessionIdGeneratorBase createSecureRandom
INFO: Creation of SecureRandom instance for session ID generation using [SHA1PRNG] took [290] milliseconds.
Sep 27, 2016 11:39:13 AM org.apache.catalina.startup.HostConfig deployDirectory
INFO: Deployment of web application directory /Users/api-dev-123/QueryIO/tomcat/webapps/queryio has finished in 484,646 ms
Sep 27, 2016 11:39:13 AM org.apache.coyote.AbstractProtocol start
INFO: Starting ProtocolHandler ["http-bio-5678"]
Sep 27, 2016 11:39:13 AM org.apache.catalina.startup.Catalina start
INFO: Server startup in 484966 ms
Sep 27, 2016 4:16:03 PM org.eclipse.birt.report.model.css.StyleSheetLoader semanticWarning
WARNING: The style "table" is not supported.
Sep 27, 2016 4:16:03 PM org.eclipse.birt.report.model.css.StyleSheetLoader semanticWarning
WARNING: The style "div" is not supported.
Sep 27, 2016 4:16:05 PM org.eclipse.birt.report.model.metadata.ColorPropertyType validateInputString
SEVERE: Invalid color value 69abdb
Sep 27, 2016 4:16:05 PM org.eclipse.birt.report.model.metadata.ColorPropertyType validateInputString
SEVERE: Invalid color value 69abdb
Sep 27, 2016 4:16:05 PM org.eclipse.birt.report.model.metadata.ColorPropertyType validateInputString
SEVERE: Invalid color value 69abdb
Sep 27, 2016 4:16:05 PM org.eclipse.birt.report.model.metadata.ColorPropertyType validateInputString
SEVERE: Invalid color value 69abdb
Sep 27, 2016 4:16:05 PM org.eclipse.birt.report.model.metadata.ColorPropertyType validateInputString
SEVERE: Invalid color value 69abdb
Sep 27, 2016 4:16:05 PM org.eclipse.birt.report.model.metadata.ColorPropertyType validateInputString
SEVERE: Invalid color value 69abdb
Sep 27, 2016 4:16:05 PM org.eclipse.birt.report.model.metadata.ColorPropertyType validateInputString
SEVERE: Invalid color value 69abdb
Sep 27, 2016 4:16:05 PM org.eclipse.birt.report.model.metadata.ColorPropertyType validateInputString
SEVERE: Invalid color value 69abdb
Sep 27, 2016 4:16:06 PM org.eclipse.birt.report.model.css.StyleSheetLoader semanticWarning
WARNING: The style "table" is not supported.
Sep 27, 2016 4:16:06 PM org.eclipse.birt.report.model.css.StyleSheetLoader semanticWarning
WARNING: The style "div" is not supported.
Sep 27, 2016 4:16:08 PM org.eclipse.birt.report.data.oda.jdbc.JDBCDriverManager loadDriverExtensions
INFO: Found JDBC driverinfo extension: driverClass=org.apache.derby.jdbc.EmbeddedDriver, connectionFactory=null
Sep 27, 2016 4:16:08 PM org.eclipse.birt.report.data.oda.jdbc.JDBCDriverManager loadDriverExtensions
INFO: Found JDBC driverinfo extension: driverClass=org.eclipse.birt.report.data.oda.sampledb.Driver, connectionFactory=org.eclipse.birt.report.data.oda.sampledb.SampleDBJDBCConnectionFactory
Sep 27, 2016 4:16:08 PM org.eclipse.birt.report.data.oda.jdbc.JDBCDriverManager findDriver
INFO: Loaded JDBC driver class in class path: org.apache.hive.jdbc.HiveDriver
Sep 27, 2016 4:16:08 PM org.eclipse.birt.data.engine.executor.DataSourceQuery execute
INFO: ODA query execution time: 3 ms
Sep 27, 2016 4:16:08 PM org.eclipse.birt.data.engine.impl.QueryResults getResultIterator
INFO: ODI query execution: 37 ms
Sep 27, 2016 4:16:08 PM org.eclipse.birt.data.engine.impl.DataEngineImpl shutdown
INFO: Data Engine lifetime: 1009 ms
Sep 27, 2016 4:17:12 PM org.eclipse.birt.report.model.css.StyleSheetLoader semanticWarning
WARNING: The style "table" is not supported.
Sep 27, 2016 4:17:12 PM org.eclipse.birt.report.model.css.StyleSheetLoader semanticWarning
WARNING: The style "div" is not supported.
Sep 27, 2016 4:17:12 PM org.eclipse.birt.report.model.metadata.ColorPropertyType validateInputString
SEVERE: Invalid color value 69abdb
Sep 27, 2016 4:17:12 PM org.eclipse.birt.report.model.metadata.ColorPropertyType validateInputString
SEVERE: Invalid color value 69abdb
Sep 27, 2016 4:17:12 PM org.eclipse.birt.report.model.metadata.ColorPropertyType validateInputString
SEVERE: Invalid color value 69abdb
Sep 27, 2016 4:17:12 PM org.eclipse.birt.report.model.metadata.ColorPropertyType validateInputString
SEVERE: Invalid color value 69abdb
Sep 27, 2016 4:17:12 PM org.eclipse.birt.report.model.metadata.ColorPropertyType validateInputString
SEVERE: Invalid color value 69abdb
Sep 27, 2016 4:17:12 PM org.eclipse.birt.report.model.metadata.ColorPropertyType validateInputString
SEVERE: Invalid color value 69abdb
Sep 27, 2016 4:17:12 PM org.eclipse.birt.report.model.metadata.ColorPropertyType validateInputString
SEVERE: Invalid color value 69abdb
Sep 27, 2016 4:17:12 PM org.eclipse.birt.report.model.metadata.ColorPropertyType validateInputString
SEVERE: Invalid color value 69abdb
Sep 27, 2016 4:17:13 PM org.eclipse.birt.report.model.css.StyleSheetLoader semanticWarning
WARNING: The style "table" is not supported.
Sep 27, 2016 4:17:13 PM org.eclipse.birt.report.model.css.StyleSheetLoader semanticWarning
WARNING: The style "div" is not supported.
Sep 27, 2016 4:17:13 PM org.eclipse.birt.data.engine.executor.DataSourceQuery execute
INFO: ODA query execution time: 0 ms
Sep 27, 2016 4:17:13 PM org.eclipse.birt.data.engine.impl.QueryResults getResultIterator
INFO: ODI query execution: 11 ms
Sep 27, 2016 4:17:13 PM org.eclipse.birt.data.engine.impl.DataEngineImpl shutdown
INFO: Data Engine lifetime: 255 ms
Sep 27, 2016 6:16:16 PM org.apache.coyote.AbstractProtocol pause
INFO: Pausing ProtocolHandler ["http-bio-5678"]
Sep 27, 2016 6:16:16 PM org.apache.catalina.core.StandardService stopInternal
INFO: Stopping service Catalina
Sep 27, 2016 6:16:18 PM org.apache.catalina.loader.WebappClassLoader clearReferencesJdbc
SEVERE: The web application [/queryio] registered the JDBC driver [com.queryio.common.database.DriverShim] but failed to unregister it when the web application was stopped. To prevent a memory leak, the JDBC Driver has been forcibly unregistered.
Sep 27, 2016 6:16:18 PM org.apache.catalina.loader.WebappClassLoader clearReferencesJdbc
SEVERE: The web application [/queryio] registered the JDBC driver [com.queryio.common.database.DriverShim] but failed to unregister it when the web application was stopped. To prevent a memory leak, the JDBC Driver has been forcibly unregistered.
Sep 27, 2016 6:16:18 PM org.apache.catalina.loader.WebappClassLoader clearReferencesJdbc
SEVERE: The web application [/queryio] registered the JDBC driver [com.queryio.common.database.DriverShim] but failed to unregister it when the web application was stopped. To prevent a memory leak, the JDBC Driver has been forcibly unregistered.
Sep 27, 2016 6:16:18 PM org.apache.catalina.loader.WebappClassLoader clearReferencesJdbc
SEVERE: The web application [/queryio] registered the JDBC driver [org.hsqldb.jdbc.JDBCDriver] but failed to unregister it when the web application was stopped. To prevent a memory leak, the JDBC Driver has been forcibly unregistered.
Sep 27, 2016 6:16:18 PM org.apache.catalina.loader.WebappClassLoader clearReferencesJdbc
SEVERE: The web application [/queryio] registered the JDBC driver [org.apache.hive.jdbc.HiveDriver] but failed to unregister it when the web application was stopped. To prevent a memory leak, the JDBC Driver has been forcibly unregistered.
Sep 27, 2016 6:16:18 PM org.apache.catalina.loader.WebappClassLoader clearReferencesJdbc
SEVERE: The web application [/queryio] registered the JDBC driver [org.eclipse.birt.report.data.oda.jdbc.JDBCDriverManager.WrappedDriver] but failed to unregister it when the web application was stopped. To prevent a memory leak, the JDBC Driver has been forcibly unregistered.
Sep 27, 2016 6:16:18 PM org.apache.catalina.loader.WebappClassLoader clearReferencesThreads
SEVERE: The web application [/queryio] appears to have started a thread named [Thread-6] but has failed to stop it. This is very likely to create a memory leak.
Sep 27, 2016 6:16:18 PM org.apache.catalina.loader.WebappClassLoader clearReferencesThreads
SEVERE: The web application [/queryio] appears to have started a thread named [Thread-7] but has failed to stop it. This is very likely to create a memory leak.
Sep 27, 2016 6:16:18 PM org.apache.catalina.loader.WebappClassLoader clearReferencesThreads
SEVERE: The web application [/queryio] appears to have started a thread named [MultiThreadedHttpConnectionManager cleanup] but has failed to stop it. This is very likely to create a memory leak.
Sep 27, 2016 6:16:18 PM org.apache.catalina.loader.WebappClassLoader clearReferencesThreads
SEVERE: The web application [/queryio] appears to have started a thread named [NodeManager1] but has failed to stop it. This is very likely to create a memory leak.
Sep 27, 2016 6:16:18 PM org.apache.catalina.loader.WebappClassLoader clearReferencesThreads
SEVERE: The web application [/queryio] appears to have started a thread named [JMX client heartbeat 2] but has failed to stop it. This is very likely to create a memory leak.
Sep 27, 2016 6:16:18 PM org.apache.catalina.loader.WebappClassLoader clearReferencesThreads
SEVERE: The web application [/queryio] appears to have started a thread named [JMX client heartbeat 4] but has failed to stop it. This is very likely to create a memory leak.
Sep 27, 2016 6:16:18 PM org.apache.catalina.loader.WebappClassLoader clearReferencesThreads
SEVERE: The web application [/queryio] appears to have started a thread named [api-dev-123] but has failed to stop it. This is very likely to create a memory leak.
Sep 27, 2016 6:16:18 PM org.apache.catalina.loader.WebappClassLoader clearReferencesThreads
SEVERE: The web application [/queryio] appears to have started a thread named [JMX client heartbeat 6] but has failed to stop it. This is very likely to create a memory leak.
Sep 27, 2016 6:16:18 PM org.apache.catalina.loader.WebappClassLoader clearReferencesThreads
SEVERE: The web application [/queryio] appears to have started a thread named [Thread-43] but has failed to stop it. This is very likely to create a memory leak.
Sep 27, 2016 6:16:18 PM org.apache.catalina.loader.WebappClassLoader clearReferencesThreads
SEVERE: The web application [/queryio] appears to have started a thread named [api-dev-123] but has failed to stop it. This is very likely to create a memory leak.
Sep 27, 2016 6:16:18 PM org.apache.catalina.loader.WebappClassLoader clearReferencesThreads
SEVERE: The web application [/queryio] appears to have started a thread named [JMX client heartbeat 7] but has failed to stop it. This is very likely to create a memory leak.
Sep 27, 2016 6:16:18 PM org.apache.catalina.loader.WebappClassLoader clearReferencesThreads
SEVERE: The web application [/queryio] appears to have started a thread named [IPC Client (1300533740) connection to /127.0.0.1:8040 from api-dev-123] but has failed to stop it. This is very likely to create a memory leak.
Sep 27, 2016 6:16:18 PM org.apache.catalina.loader.WebappClassLoader clearReferencesThreads
SEVERE: The web application [/queryio] appears to have started a thread named [IPC Client (1300533740) connection to localhost/127.0.0.1:9000 from api-dev-123] but has failed to stop it. This is very likely to create a memory leak.
Sep 27, 2016 6:16:18 PM org.apache.catalina.loader.WebappClassLoader clearReferencesThreads
SEVERE: The web application [/queryio] appears to have started a thread named [Timer-2] but has failed to stop it. This is very likely to create a memory leak.
Sep 27, 2016 6:16:18 PM org.apache.catalina.loader.WebappClassLoader clearReferencesThreads
SEVERE: The web application [/queryio] appears to have started a thread named [IPC Parameter Sending Thread #28] but has failed to stop it. This is very likely to create a memory leak.
Sep 27, 2016 6:16:18 PM org.apache.catalina.loader.WebappClassLoader clearReferencesThreads
SEVERE: The web application [/queryio] appears to have started a thread named [IPC Client (1300533740) connection to localhost/127.0.0.1:9000 from api-dev-123] but has failed to stop it. This is very likely to create a memory leak.
Sep 27, 2016 6:16:18 PM org.apache.catalina.loader.WebappClassLoader clearReferencesThreads
SEVERE: The web application [/queryio] appears to have started a thread named [IPC Client (1300533740) connection to localhost/127.0.0.1:9000 from api-dev-123] but has failed to stop it. This is very likely to create a memory leak.
Sep 27, 2016 6:16:18 PM org.apache.catalina.loader.WebappClassLoader checkThreadLocalMapForLeaks
SEVERE: The web application [/queryio] created a ThreadLocal with key of type [org.apache.hadoop.io.Text$1] (value [org.apache.hadoop.io.Text$1@6f6d55c6]) and a value of type [sun.nio.cs.UTF_8.Encoder] (value [sun.nio.cs.UTF_8$Encoder@731a7350]) but failed to remove it when the web application was stopped. Threads are going to be renewed over time to try and avoid a probable memory leak.
Sep 27, 2016 6:16:18 PM org.apache.catalina.loader.WebappClassLoader checkThreadLocalMapForLeaks
SEVERE: The web application [/queryio] created a ThreadLocal with key of type [org.apache.hadoop.hdfs.DFSUtil$1] (value [org.apache.hadoop.hdfs.DFSUtil$1@4d88c439]) and a value of type [java.util.Random] (value [java.util.Random@4e0aa1f3]) but failed to remove it when the web application was stopped. Threads are going to be renewed over time to try and avoid a probable memory leak.
Sep 27, 2016 6:16:18 PM org.apache.catalina.loader.WebappClassLoader checkThreadLocalMapForLeaks
SEVERE: The web application [/queryio] created a ThreadLocal with key of type [org.apache.hadoop.io.Text$1] (value [org.apache.hadoop.io.Text$1@6f6d55c6]) and a value of type [sun.nio.cs.UTF_8.Encoder] (value [sun.nio.cs.UTF_8$Encoder@1c0e808c]) but failed to remove it when the web application was stopped. Threads are going to be renewed over time to try and avoid a probable memory leak.
Sep 27, 2016 6:16:18 PM org.apache.catalina.loader.WebappClassLoader checkThreadLocalMapForLeaks
SEVERE: The web application [/queryio] created a ThreadLocal with key of type [org.apache.hadoop.hdfs.DFSUtil$1] (value [org.apache.hadoop.hdfs.DFSUtil$1@4d88c439]) and a value of type [java.util.Random] (value [java.util.Random@7c1975b7]) but failed to remove it when the web application was stopped. Threads are going to be renewed over time to try and avoid a probable memory leak.
Sep 27, 2016 6:16:18 PM org.apache.catalina.loader.WebappClassLoader checkThreadLocalMapForLeaks
SEVERE: The web application [/queryio] created a ThreadLocal with key of type [org.apache.hadoop.hdfs.DFSUtil$1] (value [org.apache.hadoop.hdfs.DFSUtil$1@4d88c439]) and a value of type [java.util.Random] (value [java.util.Random@6b7f8107]) but failed to remove it when the web application was stopped. Threads are going to be renewed over time to try and avoid a probable memory leak.
Sep 27, 2016 6:16:18 PM org.apache.catalina.loader.WebappClassLoader checkThreadLocalMapForLeaks
SEVERE: The web application [/queryio] created a ThreadLocal with key of type [org.apache.hadoop.io.Text$1] (value [org.apache.hadoop.io.Text$1@6f6d55c6]) and a value of type [sun.nio.cs.UTF_8.Encoder] (value [sun.nio.cs.UTF_8$Encoder@7ff029b3]) but failed to remove it when the web application was stopped. Threads are going to be renewed over time to try and avoid a probable memory leak.
Sep 27, 2016 6:16:18 PM org.apache.catalina.loader.WebappClassLoader checkThreadLocalMapForLeaks
SEVERE: The web application [/queryio] created a ThreadLocal with key of type [java.lang.ThreadLocal] (value [java.lang.ThreadLocal@7041e863]) and a value of type [org.apache.hadoop.fs.FileSystem.Statistics.StatisticsData] (value [0 bytes read, 0 bytes written, 13 read ops, 0 large read ops, 36 write ops]) but failed to remove it when the web application was stopped. Threads are going to be renewed over time to try and avoid a probable memory leak.
Sep 27, 2016 6:16:18 PM org.apache.catalina.loader.WebappClassLoader checkThreadLocalMapForLeaks
SEVERE: The web application [/queryio] created a ThreadLocal with key of type [java.lang.ThreadLocal] (value [java.lang.ThreadLocal@76fff528]) and a value of type [com.ibm.icu.util.ULocale] (value [en]) but failed to remove it when the web application was stopped. Threads are going to be renewed over time to try and avoid a probable memory leak.
Sep 27, 2016 6:16:18 PM org.apache.catalina.loader.WebappClassLoader checkThreadLocalMapForLeaks
SEVERE: The web application [/queryio] created a ThreadLocal with key of type [org.apache.hadoop.hdfs.DFSUtil$1] (value [org.apache.hadoop.hdfs.DFSUtil$1@4d88c439]) and a value of type [java.util.Random] (value [java.util.Random@1e385221]) but failed to remove it when the web application was stopped. Threads are going to be renewed over time to try and avoid a probable memory leak.
Sep 27, 2016 6:16:18 PM org.apache.catalina.loader.WebappClassLoader checkThreadLocalMapForLeaks
SEVERE: The web application [/queryio] created a ThreadLocal with key of type [org.apache.hadoop.io.Text$1] (value [org.apache.hadoop.io.Text$1@6f6d55c6]) and a value of type [sun.nio.cs.UTF_8.Encoder] (value [sun.nio.cs.UTF_8$Encoder@3980407]) but failed to remove it when the web application was stopped. Threads are going to be renewed over time to try and avoid a probable memory leak.
Sep 27, 2016 6:16:18 PM org.apache.catalina.loader.WebappClassLoader checkThreadLocalMapForLeaks
SEVERE: The web application [/queryio] created a ThreadLocal with key of type [java.lang.ThreadLocal] (value [java.lang.ThreadLocal@7041e863]) and a value of type [org.apache.hadoop.fs.FileSystem.Statistics.StatisticsData] (value [0 bytes read, 0 bytes written, 10 read ops, 0 large read ops, 0 write ops]) but failed to remove it when the web application was stopped. Threads are going to be renewed over time to try and avoid a probable memory leak.
Sep 27, 2016 6:16:18 PM org.apache.catalina.loader.WebappClassLoader checkThreadLocalMapForLeaks
SEVERE: The web application [/queryio] created a ThreadLocal with key of type [org.apache.hadoop.hdfs.DFSUtil$1] (value [org.apache.hadoop.hdfs.DFSUtil$1@4d88c439]) and a value of type [java.util.Random] (value [java.util.Random@71306968]) but failed to remove it when the web application was stopped. Threads are going to be renewed over time to try and avoid a probable memory leak.
Sep 27, 2016 6:16:18 PM org.apache.catalina.loader.WebappClassLoader checkThreadLocalMapForLeaks
SEVERE: The web application [/queryio] created a ThreadLocal with key of type [java.lang.ThreadLocal] (value [java.lang.ThreadLocal@76fff528]) and a value of type [com.ibm.icu.util.ULocale] (value [en]) but failed to remove it when the web application was stopped. Threads are going to be renewed over time to try and avoid a probable memory leak.
Sep 27, 2016 6:16:18 PM org.apache.catalina.loader.WebappClassLoader checkThreadLocalMapForLeaks
SEVERE: The web application [/queryio] created a ThreadLocal with key of type [org.apache.hadoop.io.Text$1] (value [org.apache.hadoop.io.Text$1@6f6d55c6]) and a value of type [sun.nio.cs.UTF_8.Encoder] (value [sun.nio.cs.UTF_8$Encoder@215864e6]) but failed to remove it when the web application was stopped. Threads are going to be renewed over time to try and avoid a probable memory leak.
Sep 27, 2016 6:16:18 PM org.apache.catalina.loader.WebappClassLoader checkThreadLocalMapForLeaks
SEVERE: The web application [/queryio] created a ThreadLocal with key of type [java.lang.ThreadLocal] (value [java.lang.ThreadLocal@7041e863]) and a value of type [org.apache.hadoop.fs.FileSystem.Statistics.StatisticsData] (value [0 bytes read, 0 bytes written, 3 read ops, 0 large read ops, 0 write ops]) but failed to remove it when the web application was stopped. Threads are going to be renewed over time to try and avoid a probable memory leak.
Sep 27, 2016 6:16:18 PM org.apache.catalina.loader.WebappClassLoader checkThreadLocalMapForLeaks
SEVERE: The web application [/queryio] created a ThreadLocal with key of type [org.apache.hadoop.io.Text$1] (value [org.apache.hadoop.io.Text$1@6f6d55c6]) and a value of type [sun.nio.cs.UTF_8.Encoder] (value [sun.nio.cs.UTF_8$Encoder@32484924]) but failed to remove it when the web application was stopped. Threads are going to be renewed over time to try and avoid a probable memory leak.
Sep 27, 2016 6:16:18 PM org.apache.catalina.loader.WebappClassLoader checkThreadLocalMapForLeaks
SEVERE: The web application [/queryio] created a ThreadLocal with key of type [org.apache.hadoop.hdfs.DFSUtil$1] (value [org.apache.hadoop.hdfs.DFSUtil$1@4d88c439]) and a value of type [java.util.Random] (value [java.util.Random@27b9f446]) but failed to remove it when the web application was stopped. Threads are going to be renewed over time to try and avoid a probable memory leak.
Sep 27, 2016 6:16:18 PM org.apache.catalina.loader.WebappClassLoader checkThreadLocalMapForLeaks
SEVERE: The web application [/queryio] created a ThreadLocal with key of type [java.lang.ThreadLocal] (value [java.lang.ThreadLocal@7041e863]) and a value of type [org.apache.hadoop.fs.FileSystem.Statistics.StatisticsData] (value [0 bytes read, 0 bytes written, 7 read ops, 0 large read ops, 0 write ops]) but failed to remove it when the web application was stopped. Threads are going to be renewed over time to try and avoid a probable memory leak.
Sep 27, 2016 6:16:18 PM org.apache.catalina.loader.WebappClassLoader checkThreadLocalMapForLeaks
SEVERE: The web application [/queryio] created a ThreadLocal with key of type [org.apache.hadoop.io.Text$1] (value [org.apache.hadoop.io.Text$1@6f6d55c6]) and a value of type [sun.nio.cs.UTF_8.Encoder] (value [sun.nio.cs.UTF_8$Encoder@2154340a]) but failed to remove it when the web application was stopped. Threads are going to be renewed over time to try and avoid a probable memory leak.
Sep 27, 2016 6:16:18 PM org.apache.catalina.loader.WebappClassLoader checkThreadLocalMapForLeaks
SEVERE: The web application [/queryio] created a ThreadLocal with key of type [org.apache.hadoop.hdfs.DFSUtil$1] (value [org.apache.hadoop.hdfs.DFSUtil$1@4d88c439]) and a value of type [java.util.Random] (value [java.util.Random@1f248d9e]) but failed to remove it when the web application was stopped. Threads are going to be renewed over time to try and avoid a probable memory leak.
Sep 27, 2016 6:16:18 PM org.apache.catalina.loader.WebappClassLoader checkThreadLocalMapForLeaks
SEVERE: The web application [/queryio] created a ThreadLocal with key of type [java.lang.ThreadLocal] (value [java.lang.ThreadLocal@7041e863]) and a value of type [org.apache.hadoop.fs.FileSystem.Statistics.StatisticsData] (value [0 bytes read, 0 bytes written, 69 read ops, 0 large read ops, 0 write ops]) but failed to remove it when the web application was stopped. Threads are going to be renewed over time to try and avoid a probable memory leak.
Sep 27, 2016 6:16:18 PM org.apache.catalina.loader.WebappClassLoader checkThreadLocalMapForLeaks
SEVERE: The web application [/queryio] created a ThreadLocal with key of type [org.apache.hadoop.io.Text$1] (value [org.apache.hadoop.io.Text$1@6f6d55c6]) and a value of type [sun.nio.cs.UTF_8.Encoder] (value [sun.nio.cs.UTF_8$Encoder@18cd900b]) but failed to remove it when the web application was stopped. Threads are going to be renewed over time to try and avoid a probable memory leak.
Sep 27, 2016 6:16:18 PM org.apache.catalina.loader.WebappClassLoader checkThreadLocalMapForLeaks
SEVERE: The web application [/queryio] created a ThreadLocal with key of type [org.apache.hadoop.hdfs.DFSUtil$1] (value [org.apache.hadoop.hdfs.DFSUtil$1@4d88c439]) and a value of type [java.util.Random] (value [java.util.Random@5fabcee5]) but failed to remove it when the web application was stopped. Threads are going to be renewed over time to try and avoid a probable memory leak.
Sep 27, 2016 6:16:18 PM org.apache.catalina.loader.WebappClassLoader checkThreadLocalMapForLeaks
SEVERE: The web application [/queryio] created a ThreadLocal with key of type [java.lang.ThreadLocal] (value [java.lang.ThreadLocal@7041e863]) and a value of type [org.apache.hadoop.fs.FileSystem.Statistics.StatisticsData] (value [0 bytes read, 0 bytes written, 1 read ops, 0 large read ops, 0 write ops]) but failed to remove it when the web application was stopped. Threads are going to be renewed over time to try and avoid a probable memory leak.
Sep 27, 2016 6:16:18 PM org.apache.coyote.AbstractProtocol stop
INFO: Stopping ProtocolHandler ["http-bio-5678"]
Sep 27, 2016 6:16:18 PM org.apache.coyote.AbstractProtocol destroy
INFO: Destroying ProtocolHandler ["http-bio-5678"]
